<?xml version="1.0" encoding="UTF-8"?>
<testsuite name="rewardsCentralTest.RewardsCentralServiceTest" tests="1" skipped="0" failures="0" errors="0" timestamp="2022-02-11T14:13:55" hostname="Draflosword-Fixe" time="0.189">
  <properties/>
  <testcase name="testGetAttractionRewardPoints" classname="rewardsCentralTest.RewardsCentralServiceTest" time="0.189"/>
  <system-out><![CDATA[]]></system-out>
  <system-err><![CDATA[]]></system-err>
</testsuite>
