<?xml version="1.0" encoding="UTF-8"?>
<testsuite name="tourGuide.TestPerformance" tests="2" skipped="0" failures="0" errors="0" timestamp="2022-02-01T18:16:21" hostname="Draflosword-Fixe" time="58.468">
  <properties/>
  <testcase name="highVolumeTrackLocation" classname="tourGuide.TestPerformance" time="8.265"/>
  <testcase name="highVolumeGetRewards" classname="tourGuide.TestPerformance" time="50.203"/>
  <system-out><![CDATA[19:16:21.720 [Test worker] INFO tourGuide.service.TourGuideService - TestMode enabled
19:16:21.736 [Test worker] DEBUG tourGuide.service.TourGuideService - Initializing users
19:16:21.933 [Test worker] DEBUG tourGuide.service.TourGuideService - Created 100 internal test users.
19:16:21.934 [Test worker] DEBUG tourGuide.service.TourGuideService - Finished initializing users
19:16:21.958 [pool-1-thread-1] DEBUG tourGuide.tracker.Tracker - Begin Tracker. Tracking 100 users.
highVolumeTrackLocation: Time Elapsed: 7 seconds.
19:16:29.733 [Test worker] INFO tourGuide.service.TourGuideService - TestMode enabled
19:16:29.735 [Test worker] DEBUG tourGuide.service.TourGuideService - Initializing users
19:16:29.771 [Test worker] DEBUG tourGuide.service.TourGuideService - Created 100 internal test users.
19:16:29.771 [Test worker] DEBUG tourGuide.service.TourGuideService - Finished initializing users
19:16:29.773 [pool-2-thread-1] DEBUG tourGuide.tracker.Tracker - Begin Tracker. Tracking 100 users.
19:16:29.840 [pool-1-thread-1] DEBUG tourGuide.tracker.Tracker - Tracker Time Elapsed: 7 seconds.
19:16:29.841 [pool-1-thread-1] DEBUG tourGuide.tracker.Tracker - Tracker sleeping
highVolumeGetRewards: Time Elapsed: 50 seconds.
19:17:19.934 [pool-2-thread-1] DEBUG tourGuide.tracker.Tracker - Tracker Time Elapsed: 50 seconds.
19:17:19.934 [pool-2-thread-1] DEBUG tourGuide.tracker.Tracker - Tracker sleeping
]]></system-out>
  <system-err><![CDATA[Feb 01, 2022 7:16:21 PM org.javamoney.moneta.DefaultMonetaryContextFactory createMonetaryContextNonNullConfig
INFO: Using custom MathContext: precision=256, roundingMode=HALF_EVEN
]]></system-err>
</testsuite>
