<?xml version="1.0" encoding="UTF-8"?>
<testsuite name="gpsUtilTest.GpsUtilControllerTest" tests="2" skipped="0" failures="0" errors="0" timestamp="2022-05-16T10:16:04" hostname="Draflosword-Fixe" time="0.297">
  <properties/>
  <testcase name="testGetAllAttractions" classname="gpsUtilTest.GpsUtilControllerTest" time="0.177"/>
  <testcase name="testGetUserLocation" classname="gpsUtilTest.GpsUtilControllerTest" time="0.118"/>
  <system-out><![CDATA[2022-05-16 12:16:01.663  INFO 17384 --- [    Test worker] o.s.t.c.support.AbstractContextLoader    : Could not detect default resource locations for test class [gpsUtilTest.GpsUtilControllerTest]: no resource found for suffixes {-context.xml, Context.groovy}.
2022-05-16 12:16:01.722  INFO 17384 --- [    Test worker] .b.t.a.w.s.WebMvcTestContextBootstrapper : Loaded default TestExecutionListener class names from location [META-INF/spring.factories]: [org.springframework.boot.test.autoconfigure.restdocs.RestDocsTestExecutionListener, org.springframework.boot.test.autoconfigure.web.client.MockRestServiceServerResetTestExecutionListener, org.springframework.boot.test.autoconfigure.web.servlet.MockMvcPrintOnlyOnFailureTestExecutionListener, org.springframework.boot.test.autoconfigure.web.servlet.WebDriverTestExecutionListener, org.springframework.boot.test.mock.mockito.MockitoTestExecutionListener, org.springframework.boot.test.mock.mockito.ResetMocksTestExecutionListener, org.springframework.test.context.web.ServletTestExecutionListener, org.springframework.test.context.support.DirtiesContextBeforeModesTestExecutionListener, org.springframework.test.context.support.DependencyInjectionTestExecutionListener, org.springframework.test.context.support.DirtiesContextTestExecutionListener, org.springframework.test.context.transaction.TransactionalTestExecutionListener, org.springframework.test.context.jdbc.SqlScriptsTestExecutionListener]
2022-05-16 12:16:01.735  INFO 17384 --- [    Test worker] .b.t.a.w.s.WebMvcTestContextBootstrapper : Using TestExecutionListeners: [org.springframework.test.context.web.ServletTestExecutionListener@7556b7c6, org.springframework.test.context.support.DirtiesContextBeforeModesTestExecutionListener@4430a056, org.springframework.boot.test.mock.mockito.MockitoTestExecutionListener@2734e5bb, org.springframework.boot.test.autoconfigure.SpringBootDependencyInjectionTestExecutionListener@41081bdc, org.springframework.test.context.support.DirtiesContextTestExecutionListener@1a07cbc, org.springframework.boot.test.autoconfigure.restdocs.RestDocsTestExecutionListener@40535ece, org.springframework.boot.test.autoconfigure.web.client.MockRestServiceServerResetTestExecutionListener@40ca6242, org.springframework.boot.test.autoconfigure.web.servlet.MockMvcPrintOnlyOnFailureTestExecutionListener@411d477c, org.springframework.boot.test.autoconfigure.web.servlet.WebDriverTestExecutionListener@435a967f, org.springframework.boot.test.mock.mockito.ResetMocksTestExecutionListener@19a515f4]

  .   ____          _            __ _ _
 /\\ / ___'_ __ _ _(_)_ __  __ _ \ \ \ \
( ( )\___ | '_ | '_| | '_ \/ _` | \ \ \ \
 \\/  ___)| |_)| | | | | || (_| |  ) ) ) )
  '  |____| .__|_| |_|_| |_\__, | / / / /
 =========|_|==============|___/=/_/_/_/
 :: Spring Boot ::        (v2.1.6.RELEASE)

2022-05-16 12:16:02.263  INFO 17384 --- [    Test worker] gpsUtilTest.GpsUtilControllerTest        : No active profile set, falling back to default profiles: default
2022-05-16 12:16:03.833  INFO 17384 --- [    Test worker] o.s.s.concurrent.ThreadPoolTaskExecutor  : Initializing ExecutorService 'applicationTaskExecutor'
2022-05-16 12:16:04.034  INFO 17384 --- [    Test worker] o.s.b.t.m.w.SpringBootMockServletContext : Initializing Spring TestDispatcherServlet ''
2022-05-16 12:16:04.035  INFO 17384 --- [    Test worker] o.s.t.web.servlet.TestDispatcherServlet  : Initializing Servlet ''
2022-05-16 12:16:04.052  INFO 17384 --- [    Test worker] o.s.t.web.servlet.TestDispatcherServlet  : Completed initialization in 17 ms
2022-05-16 12:16:04.082  INFO 17384 --- [    Test worker] gpsUtilTest.GpsUtilControllerTest        : Started GpsUtilControllerTest in 2.316 seconds (JVM running for 12.249)

MockHttpServletRequest:
      HTTP Method = GET
      Request URI = /getAllAttractions
       Parameters = {}
          Headers = [Content-Type:"application/json"]
             Body = <no character encoding set>
    Session Attrs = {}

Handler:
             Type = gpsUtil.controller.GpsUtilController
           Method = public java.util.List<gpsUtil.location.Attraction> gpsUtil.controller.GpsUtilController.getAllAttractions()

Async:
    Async started = false
     Async result = null

Resolved Exception:
             Type = null

ModelAndView:
        View name = null
             View = null
            Model = null

FlashMap:
       Attributes = null

MockHttpServletResponse:
           Status = 200
    Error message = null
          Headers = [Content-Type:"application/json;charset=UTF-8"]
     Content type = application/json;charset=UTF-8
             Body = []
    Forwarded URL = null
   Redirected URL = null
          Cookies = []

MockHttpServletRequest:
      HTTP Method = GET
      Request URI = /getLocation
       Parameters = {userId=[ddf425dd-4247-4058-95e6-a92ec06b7b27]}
          Headers = [Content-Type:"application/json"]
             Body = <no character encoding set>
    Session Attrs = {}

Handler:
             Type = gpsUtil.controller.GpsUtilController
           Method = public gpsUtil.location.VisitedLocation gpsUtil.controller.GpsUtilController.getUserLocation(java.util.UUID)

Async:
    Async started = false
     Async result = null

Resolved Exception:
             Type = null

ModelAndView:
        View name = null
             View = null
            Model = null

FlashMap:
       Attributes = null

MockHttpServletResponse:
           Status = 200
    Error message = null
          Headers = [Content-Type:"application/json;charset=UTF-8"]
     Content type = application/json;charset=UTF-8
             Body = {"userId":"ddf425dd-4247-4058-95e6-a92ec06b7b27","location":{"longitude":12.0,"latitude":12.0},"timeVisited":"2022-05-16T10:16:04.272+0000"}
    Forwarded URL = null
   Redirected URL = null
          Cookies = []
]]></system-out>
  <system-err><![CDATA[]]></system-err>
</testsuite>
