<?xml version="1.0" encoding="UTF-8"?>
<testsuite name="gpsUtilTest.GpsUtilServiceTest" tests="2" skipped="0" failures="0" errors="0" timestamp="2022-05-16T10:16:04" hostname="Draflosword-Fixe" time="0.116">
  <properties/>
  <testcase name="testGetAllAttractions" classname="gpsUtilTest.GpsUtilServiceTest" time="0.001"/>
  <testcase name="testGetUserLocation" classname="gpsUtilTest.GpsUtilServiceTest" time="0.114"/>
  <system-out><![CDATA[]]></system-out>
  <system-err><![CDATA[]]></system-err>
</testsuite>
