<?xml version="1.0" encoding="UTF-8"?>
<testsuite name="TripPricerTest.TripPricerServiceTest" tests="1" skipped="0" failures="0" errors="0" timestamp="2022-04-26T16:25:34" hostname="Draflosword-Fixe" time="0.082">
  <properties/>
  <testcase name="testGetTripDeals" classname="TripPricerTest.TripPricerServiceTest" time="0.082"/>
  <system-out><![CDATA[]]></system-out>
  <system-err><![CDATA[]]></system-err>
</testsuite>
