<?xml version="1.0" encoding="UTF-8"?>
<testsuite name="TripPricerTest.TripPricerControllerTest" tests="1" skipped="0" failures="0" errors="0" timestamp="2022-04-26T16:25:33" hostname="Draflosword-Fixe" time="0.182">
  <properties/>
  <testcase name="testGetTripDeals" classname="TripPricerTest.TripPricerControllerTest" time="0.182"/>
  <system-out><![CDATA[2022-04-26 18:25:32.313  INFO 16432 --- [    Test worker] o.s.t.c.support.AbstractContextLoader    : Could not detect default resource locations for test class [TripPricerTest.TripPricerControllerTest]: no resource found for suffixes {-context.xml, Context.groovy}.
2022-04-26 18:25:32.363  INFO 16432 --- [    Test worker] .b.t.a.w.s.WebMvcTestContextBootstrapper : Loaded default TestExecutionListener class names from location [META-INF/spring.factories]: [org.springframework.boot.test.autoconfigure.restdocs.RestDocsTestExecutionListener, org.springframework.boot.test.autoconfigure.web.client.MockRestServiceServerResetTestExecutionListener, org.springframework.boot.test.autoconfigure.web.servlet.MockMvcPrintOnlyOnFailureTestExecutionListener, org.springframework.boot.test.autoconfigure.web.servlet.WebDriverTestExecutionListener, org.springframework.boot.test.mock.mockito.MockitoTestExecutionListener, org.springframework.boot.test.mock.mockito.ResetMocksTestExecutionListener, org.springframework.test.context.web.ServletTestExecutionListener, org.springframework.test.context.support.DirtiesContextBeforeModesTestExecutionListener, org.springframework.test.context.support.DependencyInjectionTestExecutionListener, org.springframework.test.context.support.DirtiesContextTestExecutionListener, org.springframework.test.context.transaction.TransactionalTestExecutionListener, org.springframework.test.context.jdbc.SqlScriptsTestExecutionListener]
2022-04-26 18:25:32.376  INFO 16432 --- [    Test worker] .b.t.a.w.s.WebMvcTestContextBootstrapper : Using TestExecutionListeners: [org.springframework.test.context.web.ServletTestExecutionListener@a156088, org.springframework.test.context.support.DirtiesContextBeforeModesTestExecutionListener@47170f46, org.springframework.boot.test.mock.mockito.MockitoTestExecutionListener@8aa1c5b, org.springframework.boot.test.autoconfigure.SpringBootDependencyInjectionTestExecutionListener@48954822, org.springframework.test.context.support.DirtiesContextTestExecutionListener@69a57098, org.springframework.boot.test.autoconfigure.restdocs.RestDocsTestExecutionListener@16b72fd5, org.springframework.boot.test.autoconfigure.web.client.MockRestServiceServerResetTestExecutionListener@4e27a19c, org.springframework.boot.test.autoconfigure.web.servlet.MockMvcPrintOnlyOnFailureTestExecutionListener@2c113422, org.springframework.boot.test.autoconfigure.web.servlet.WebDriverTestExecutionListener@6e72a088, org.springframework.boot.test.mock.mockito.ResetMocksTestExecutionListener@4114e314]

  .   ____          _            __ _ _
 /\\ / ___'_ __ _ _(_)_ __  __ _ \ \ \ \
( ( )\___ | '_ | '_| | '_ \/ _` | \ \ \ \
 \\/  ___)| |_)| | | | | || (_| |  ) ) ) )
  '  |____| .__|_| |_|_| |_\__, | / / / /
 =========|_|==============|___/=/_/_/_/
 :: Spring Boot ::        (v2.1.6.RELEASE)

2022-04-26 18:25:32.438  INFO 16432 --- [    Test worker] TripPricerTest.TripPricerControllerTest  : Starting TripPricerControllerTest on Draflosword-Fixe with PID 16432 (started by Draflosword in H:\Users\Draflosword\Documents\Taff\Java\TripPricer)
2022-04-26 18:25:32.440  INFO 16432 --- [    Test worker] TripPricerTest.TripPricerControllerTest  : No active profile set, falling back to default profiles: default
2022-04-26 18:25:33.739  INFO 16432 --- [    Test worker] o.s.s.concurrent.ThreadPoolTaskExecutor  : Initializing ExecutorService 'applicationTaskExecutor'
2022-04-26 18:25:33.936  INFO 16432 --- [    Test worker] o.s.b.t.m.w.SpringBootMockServletContext : Initializing Spring TestDispatcherServlet ''
2022-04-26 18:25:33.936  INFO 16432 --- [    Test worker] o.s.t.web.servlet.TestDispatcherServlet  : Initializing Servlet ''
2022-04-26 18:25:33.956  INFO 16432 --- [    Test worker] o.s.t.web.servlet.TestDispatcherServlet  : Completed initialization in 20 ms
2022-04-26 18:25:33.987  INFO 16432 --- [    Test worker] TripPricerTest.TripPricerControllerTest  : Started TripPricerControllerTest in 1.59 seconds (JVM running for 9.2)

MockHttpServletRequest:
      HTTP Method = GET
      Request URI = /getTripDeals
       Parameters = {apiKey=[test-server-api-key], userId=[6234b8a1-1587-4e4e-8e91-5e90065a6eb2], numberOfAdult=[2], numberOfChildren=[3], tripDuration=[24], cumulativeRewardPoints=[500]}
          Headers = [Content-Type:"application/json"]
             Body = <no character encoding set>
    Session Attrs = {}

Handler:
             Type = tripPricer.controller.TripPricerController
           Method = public java.util.List<tripPricer.Provider> tripPricer.controller.TripPricerController.getTripDeals(java.lang.String,java.util.UUID,int,int,int,int)

Async:
    Async started = false
     Async result = null

Resolved Exception:
             Type = null

ModelAndView:
        View name = null
             View = null
            Model = null

FlashMap:
       Attributes = null

MockHttpServletResponse:
           Status = 200
    Error message = null
          Headers = [Content-Type:"application/json;charset=UTF-8"]
     Content type = application/json;charset=UTF-8
             Body = []
    Forwarded URL = null
   Redirected URL = null
          Cookies = []
]]></system-out>
  <system-err><![CDATA[]]></system-err>
</testsuite>
