<?xml version="1.0" encoding="UTF-8"?>
<testsuite name="tourGuide.TestTourGuideService" tests="5" skipped="1" failures="0" errors="0" timestamp="2022-03-10T18:11:12" hostname="Draflosword-Fixe" time="0.191">
  <properties/>
  <testcase name="getUserLocation" classname="tourGuide.TestTourGuideService" time="0.07"/>
  <testcase name="addUser" classname="tourGuide.TestTourGuideService" time="0.001"/>
  <testcase name="getAllUsers" classname="tourGuide.TestTourGuideService" time="0.002"/>
  <testcase name="trackUser" classname="tourGuide.TestTourGuideService" time="0.115"/>
  <testcase name="getNearbyAttractions" classname="tourGuide.TestTourGuideService" time="0.0">
    <skipped/>
  </testcase>
  <system-out><![CDATA[19:11:12.548 [Test worker] INFO tourGuide.service.TourGuideService - TestMode enabled
19:11:12.548 [Test worker] DEBUG tourGuide.service.TourGuideService - Initializing users
19:11:12.548 [Test worker] DEBUG tourGuide.service.TourGuideService - Created 0 internal test users.
19:11:12.548 [Test worker] DEBUG tourGuide.service.TourGuideService - Finished initializing users
19:11:12.549 [pool-5-thread-1] DEBUG tourGuide.tracker.Tracker - Begin Tracker. Tracking 0 users.
19:11:12.549 [pool-5-thread-1] DEBUG tourGuide.tracker.Tracker - Tracker Time Elapsed: 0 seconds.
19:11:12.550 [pool-5-thread-1] DEBUG tourGuide.tracker.Tracker - Tracker sleeping
19:11:12.618 [Test worker] INFO tourGuide.service.TourGuideService - TestMode enabled
19:11:12.619 [Test worker] DEBUG tourGuide.service.TourGuideService - Initializing users
19:11:12.619 [Test worker] DEBUG tourGuide.service.TourGuideService - Created 0 internal test users.
19:11:12.619 [Test worker] DEBUG tourGuide.service.TourGuideService - Finished initializing users
19:11:12.620 [Test worker] INFO tourGuide.service.TourGuideService - TestMode enabled
19:11:12.620 [Test worker] DEBUG tourGuide.service.TourGuideService - Initializing users
19:11:12.620 [Test worker] DEBUG tourGuide.service.TourGuideService - Created 0 internal test users.
19:11:12.620 [Test worker] DEBUG tourGuide.service.TourGuideService - Finished initializing users
19:11:12.621 [Test worker] INFO tourGuide.service.TourGuideService - TestMode enabled
19:11:12.622 [Test worker] DEBUG tourGuide.service.TourGuideService - Initializing users
19:11:12.622 [Test worker] DEBUG tourGuide.service.TourGuideService - Created 0 internal test users.
19:11:12.622 [Test worker] DEBUG tourGuide.service.TourGuideService - Finished initializing users
19:11:12.624 [pool-6-thread-1] DEBUG tourGuide.tracker.Tracker - Tracker stopping
19:11:12.624 [pool-7-thread-1] DEBUG tourGuide.tracker.Tracker - Tracker stopping
19:11:12.625 [pool-8-thread-1] DEBUG tourGuide.tracker.Tracker - Begin Tracker. Tracking 0 users.
19:11:12.626 [pool-8-thread-1] DEBUG tourGuide.tracker.Tracker - Tracker Time Elapsed: 0 seconds.
19:11:12.626 [pool-8-thread-1] DEBUG tourGuide.tracker.Tracker - Tracker sleeping
]]></system-out>
  <system-err><![CDATA[]]></system-err>
</testsuite>
