<?xml version="1.0" encoding="UTF-8"?>
<testsuite name="tourGuide.TestTourGuideService" tests="5" skipped="1" failures="0" errors="0" timestamp="2022-02-09T15:15:26" hostname="Draflosword-Fixe" time="0.161">
  <properties/>
  <testcase name="getUserLocation" classname="tourGuide.TestTourGuideService" time="0.1"/>
  <testcase name="addUser" classname="tourGuide.TestTourGuideService" time="0.003"/>
  <testcase name="getAllUsers" classname="tourGuide.TestTourGuideService" time="0.001"/>
  <testcase name="trackUser" classname="tourGuide.TestTourGuideService" time="0.053"/>
  <testcase name="getNearbyAttractions" classname="tourGuide.TestTourGuideService" time="0.001">
    <skipped/>
  </testcase>
  <system-out><![CDATA[16:15:26.231 [Test worker] INFO tourGuide.service.TourGuideService - TestMode enabled
16:15:26.231 [Test worker] DEBUG tourGuide.service.TourGuideService - Initializing users
16:15:26.231 [Test worker] DEBUG tourGuide.service.TourGuideService - Created 0 internal test users.
16:15:26.232 [Test worker] DEBUG tourGuide.service.TourGuideService - Finished initializing users
16:15:26.233 [pool-5-thread-1] DEBUG tourGuide.tracker.Tracker - Begin Tracker. Tracking 0 users.
16:15:26.233 [pool-5-thread-1] DEBUG tourGuide.tracker.Tracker - Tracker Time Elapsed: 0 seconds.
16:15:26.234 [pool-5-thread-1] DEBUG tourGuide.tracker.Tracker - Tracker sleeping
16:15:26.331 [Test worker] INFO tourGuide.service.TourGuideService - TestMode enabled
16:15:26.332 [Test worker] DEBUG tourGuide.service.TourGuideService - Initializing users
16:15:26.332 [Test worker] DEBUG tourGuide.service.TourGuideService - Created 0 internal test users.
16:15:26.332 [Test worker] DEBUG tourGuide.service.TourGuideService - Finished initializing users
16:15:26.334 [Test worker] INFO tourGuide.service.TourGuideService - TestMode enabled
16:15:26.335 [Test worker] DEBUG tourGuide.service.TourGuideService - Initializing users
16:15:26.335 [Test worker] DEBUG tourGuide.service.TourGuideService - Created 0 internal test users.
16:15:26.335 [Test worker] DEBUG tourGuide.service.TourGuideService - Finished initializing users
16:15:26.337 [Test worker] INFO tourGuide.service.TourGuideService - TestMode enabled
16:15:26.337 [Test worker] DEBUG tourGuide.service.TourGuideService - Initializing users
16:15:26.337 [Test worker] DEBUG tourGuide.service.TourGuideService - Created 0 internal test users.
16:15:26.337 [Test worker] DEBUG tourGuide.service.TourGuideService - Finished initializing users
16:15:26.339 [pool-6-thread-1] DEBUG tourGuide.tracker.Tracker - Tracker stopping
16:15:26.339 [pool-7-thread-1] DEBUG tourGuide.tracker.Tracker - Tracker stopping
16:15:26.339 [pool-8-thread-1] DEBUG tourGuide.tracker.Tracker - Begin Tracker. Tracking 0 users.
16:15:26.340 [pool-8-thread-1] DEBUG tourGuide.tracker.Tracker - Tracker Time Elapsed: 0 seconds.
16:15:26.341 [pool-8-thread-1] DEBUG tourGuide.tracker.Tracker - Tracker sleeping
]]></system-out>
  <system-err><![CDATA[]]></system-err>
</testsuite>
