<?xml version="1.0" encoding="UTF-8"?>
<testsuite name="tourGuide.TestRewardsService" tests="3" skipped="0" failures="0" errors="0" timestamp="2022-05-12T16:17:50" hostname="Draflosword-Fixe" time="10.963">
  <properties/>
  <testcase name="nearAllAttractions" classname="tourGuide.TestRewardsService" time="10.43"/>
  <testcase name="userGetRewards" classname="tourGuide.TestRewardsService" time="0.5"/>
  <testcase name="isWithinAttractionProximity" classname="tourGuide.TestRewardsService" time="0.033"/>
  <system-out><![CDATA[18:17:50.909 [Test worker] INFO tourGuide.service.TourGuideService - TestMode enabled
18:17:50.909 [Test worker] DEBUG tourGuide.service.TourGuideService - Initializing users
18:17:50.909 [Test worker] DEBUG tourGuide.service.TourGuideService - Created 1 internal test users.
18:17:50.909 [Test worker] DEBUG tourGuide.service.TourGuideService - Finished initializing users
18:17:50.911 [pool-10-thread-1] DEBUG tourGuide.tracker.Tracker - Begin Tracker. Tracking 1 users.
18:17:50.913 [pool-10-thread-1] DEBUG tourGuide.tracker.Tracker - Tracker Time Elapsed: 0 seconds.
18:17:50.913 [pool-10-thread-1] DEBUG tourGuide.tracker.Tracker - Tracker sleeping
18:18:01.337 [Test worker] INFO tourGuide.service.TourGuideService - TestMode enabled
18:18:01.337 [Test worker] DEBUG tourGuide.service.TourGuideService - Initializing users
18:18:01.337 [Test worker] DEBUG tourGuide.service.TourGuideService - Created 0 internal test users.
18:18:01.337 [Test worker] DEBUG tourGuide.service.TourGuideService - Finished initializing users
18:18:01.338 [pool-13-thread-1] DEBUG tourGuide.tracker.Tracker - Begin Tracker. Tracking 0 users.
18:18:01.338 [pool-13-thread-1] DEBUG tourGuide.tracker.Tracker - Tracker Time Elapsed: 0 seconds.
18:18:01.339 [pool-13-thread-1] DEBUG tourGuide.tracker.Tracker - Tracker sleeping
]]></system-out>
  <system-err><![CDATA[]]></system-err>
</testsuite>
