<?xml version="1.0" encoding="UTF-8"?>
<testsuite name="tourGuide.TestTourGuideService" tests="5" skipped="1" failures="0" errors="0" timestamp="2022-02-04T11:12:06" hostname="Draflosword-Fixe" time="0.223">
  <properties/>
  <testcase name="getUserLocation" classname="tourGuide.TestTourGuideService" time="0.114"/>
  <testcase name="addUser" classname="tourGuide.TestTourGuideService" time="0.001"/>
  <testcase name="getAllUsers" classname="tourGuide.TestTourGuideService" time="0.001"/>
  <testcase name="trackUser" classname="tourGuide.TestTourGuideService" time="0.103"/>
  <testcase name="getNearbyAttractions" classname="tourGuide.TestTourGuideService" time="0.0">
    <skipped/>
  </testcase>
  <system-out><![CDATA[12:12:06.577 [Test worker] INFO tourGuide.service.TourGuideService - TestMode enabled
12:12:06.577 [Test worker] DEBUG tourGuide.service.TourGuideService - Initializing users
12:12:06.578 [Test worker] DEBUG tourGuide.service.TourGuideService - Created 0 internal test users.
12:12:06.578 [Test worker] DEBUG tourGuide.service.TourGuideService - Finished initializing users
12:12:06.579 [pool-5-thread-1] DEBUG tourGuide.tracker.Tracker - Begin Tracker. Tracking 0 users.
12:12:06.579 [pool-5-thread-1] DEBUG tourGuide.tracker.Tracker - Tracker Time Elapsed: 0 seconds.
12:12:06.579 [pool-5-thread-1] DEBUG tourGuide.tracker.Tracker - Tracker sleeping
12:12:06.691 [Test worker] INFO tourGuide.service.TourGuideService - TestMode enabled
12:12:06.692 [Test worker] DEBUG tourGuide.service.TourGuideService - Initializing users
12:12:06.692 [Test worker] DEBUG tourGuide.service.TourGuideService - Created 0 internal test users.
12:12:06.692 [Test worker] DEBUG tourGuide.service.TourGuideService - Finished initializing users
12:12:06.693 [Test worker] INFO tourGuide.service.TourGuideService - TestMode enabled
12:12:06.693 [Test worker] DEBUG tourGuide.service.TourGuideService - Initializing users
12:12:06.693 [Test worker] DEBUG tourGuide.service.TourGuideService - Created 0 internal test users.
12:12:06.693 [Test worker] DEBUG tourGuide.service.TourGuideService - Finished initializing users
12:12:06.694 [Test worker] INFO tourGuide.service.TourGuideService - TestMode enabled
12:12:06.694 [Test worker] DEBUG tourGuide.service.TourGuideService - Initializing users
12:12:06.694 [Test worker] DEBUG tourGuide.service.TourGuideService - Created 0 internal test users.
12:12:06.694 [Test worker] DEBUG tourGuide.service.TourGuideService - Finished initializing users
12:12:06.694 [pool-7-thread-1] DEBUG tourGuide.tracker.Tracker - Tracker stopping
12:12:06.695 [pool-6-thread-1] DEBUG tourGuide.tracker.Tracker - Tracker stopping
12:12:06.695 [pool-8-thread-1] DEBUG tourGuide.tracker.Tracker - Begin Tracker. Tracking 0 users.
12:12:06.695 [pool-8-thread-1] DEBUG tourGuide.tracker.Tracker - Tracker Time Elapsed: 0 seconds.
12:12:06.695 [pool-8-thread-1] DEBUG tourGuide.tracker.Tracker - Tracker sleeping
]]></system-out>
  <system-err><![CDATA[]]></system-err>
</testsuite>
