<?xml version="1.0" encoding="UTF-8"?>
<testsuite name="tourGuide.TestTourGuideService" tests="6" skipped="0" failures="0" errors="0" timestamp="2022-05-12T16:18:11" hostname="Draflosword-Fixe" time="0.422">
  <properties/>
  <testcase name="getUserLocation" classname="tourGuide.TestTourGuideService" time="0.155"/>
  <testcase name="addUser" classname="tourGuide.TestTourGuideService" time="0.005"/>
  <testcase name="getAllUsers" classname="tourGuide.TestTourGuideService" time="0.004"/>
  <testcase name="getAllCurrentLocations" classname="tourGuide.TestTourGuideService" time="0.005"/>
  <testcase name="trackUser" classname="tourGuide.TestTourGuideService" time="0.126"/>
  <testcase name="getNearbyAttractions" classname="tourGuide.TestTourGuideService" time="0.125"/>
  <system-out><![CDATA[2022-05-12 18:18:11.456  INFO 4860 --- [    Test worker] tourGuide.service.TourGuideService       : TestMode enabled
2022-05-12 18:18:11.456 DEBUG 4860 --- [    Test worker] tourGuide.service.TourGuideService       : Initializing users
2022-05-12 18:18:11.457 DEBUG 4860 --- [    Test worker] tourGuide.service.TourGuideService       : Created 0 internal test users.
2022-05-12 18:18:11.458 DEBUG 4860 --- [    Test worker] tourGuide.service.TourGuideService       : Finished initializing users
2022-05-12 18:18:11.479 DEBUG 4860 --- [ool-21-thread-1] tourGuide.tracker.Tracker                : Begin Tracker. Tracking 0 users.
2022-05-12 18:18:11.479 DEBUG 4860 --- [ool-21-thread-1] tourGuide.tracker.Tracker                : Tracker Time Elapsed: 0 seconds.
2022-05-12 18:18:11.479 DEBUG 4860 --- [ool-21-thread-1] tourGuide.tracker.Tracker                : Tracker sleeping
2022-05-12 18:18:11.608  INFO 4860 --- [    Test worker] tourGuide.service.TourGuideService       : TestMode enabled
2022-05-12 18:18:11.608 DEBUG 4860 --- [    Test worker] tourGuide.service.TourGuideService       : Initializing users
2022-05-12 18:18:11.608 DEBUG 4860 --- [    Test worker] tourGuide.service.TourGuideService       : Created 0 internal test users.
2022-05-12 18:18:11.608 DEBUG 4860 --- [    Test worker] tourGuide.service.TourGuideService       : Finished initializing users
2022-05-12 18:18:11.609 DEBUG 4860 --- [ool-24-thread-1] tourGuide.tracker.Tracker                : Tracker stopping
2022-05-12 18:18:11.613  INFO 4860 --- [    Test worker] tourGuide.service.TourGuideService       : TestMode enabled
2022-05-12 18:18:11.613 DEBUG 4860 --- [    Test worker] tourGuide.service.TourGuideService       : Initializing users
2022-05-12 18:18:11.613 DEBUG 4860 --- [    Test worker] tourGuide.service.TourGuideService       : Created 0 internal test users.
2022-05-12 18:18:11.613 DEBUG 4860 --- [    Test worker] tourGuide.service.TourGuideService       : Finished initializing users
2022-05-12 18:18:11.614 DEBUG 4860 --- [ool-27-thread-1] tourGuide.tracker.Tracker                : Tracker stopping
2022-05-12 18:18:11.616  INFO 4860 --- [    Test worker] tourGuide.service.TourGuideService       : TestMode enabled
2022-05-12 18:18:11.617 DEBUG 4860 --- [    Test worker] tourGuide.service.TourGuideService       : Initializing users
2022-05-12 18:18:11.618 DEBUG 4860 --- [    Test worker] tourGuide.service.TourGuideService       : Created 10 internal test users.
2022-05-12 18:18:11.618 DEBUG 4860 --- [    Test worker] tourGuide.service.TourGuideService       : Finished initializing users
2022-05-12 18:18:11.619 DEBUG 4860 --- [ool-30-thread-1] tourGuide.tracker.Tracker                : Tracker stopping
2022-05-12 18:18:11.622  INFO 4860 --- [    Test worker] tourGuide.service.TourGuideService       : TestMode enabled
2022-05-12 18:18:11.623 DEBUG 4860 --- [    Test worker] tourGuide.service.TourGuideService       : Initializing users
2022-05-12 18:18:11.623 DEBUG 4860 --- [    Test worker] tourGuide.service.TourGuideService       : Created 0 internal test users.
2022-05-12 18:18:11.623 DEBUG 4860 --- [    Test worker] tourGuide.service.TourGuideService       : Finished initializing users
2022-05-12 18:18:11.623 DEBUG 4860 --- [ool-33-thread-1] tourGuide.tracker.Tracker                : Begin Tracker. Tracking 0 users.
2022-05-12 18:18:11.624 DEBUG 4860 --- [ool-33-thread-1] tourGuide.tracker.Tracker                : Tracker Time Elapsed: 0 seconds.
2022-05-12 18:18:11.624 DEBUG 4860 --- [ool-33-thread-1] tourGuide.tracker.Tracker                : Tracker sleeping
2022-05-12 18:18:11.748  INFO 4860 --- [    Test worker] tourGuide.service.TourGuideService       : TestMode enabled
2022-05-12 18:18:11.748 DEBUG 4860 --- [    Test worker] tourGuide.service.TourGuideService       : Initializing users
2022-05-12 18:18:11.748 DEBUG 4860 --- [    Test worker] tourGuide.service.TourGuideService       : Created 0 internal test users.
2022-05-12 18:18:11.748 DEBUG 4860 --- [    Test worker] tourGuide.service.TourGuideService       : Finished initializing users
2022-05-12 18:18:11.749 DEBUG 4860 --- [ool-36-thread-1] tourGuide.tracker.Tracker                : Begin Tracker. Tracking 0 users.
2022-05-12 18:18:11.749 DEBUG 4860 --- [ool-36-thread-1] tourGuide.tracker.Tracker                : Tracker Time Elapsed: 0 seconds.
2022-05-12 18:18:11.749 DEBUG 4860 --- [ool-36-thread-1] tourGuide.tracker.Tracker                : Tracker sleeping
]]></system-out>
  <system-err><![CDATA[]]></system-err>
</testsuite>
