<?xml version="1.0" encoding="UTF-8"?>
<testsuite name="tourGuide.TestRewardsService" tests="3" skipped="0" failures="0" errors="0" timestamp="2022-02-09T15:15:14" hostname="Draflosword-Fixe" time="11.646">
  <properties/>
  <testcase name="nearAllAttractions" classname="tourGuide.TestRewardsService" time="11.166"/>
  <testcase name="userGetRewards" classname="tourGuide.TestRewardsService" time="0.46"/>
  <testcase name="isWithinAttractionProximity" classname="tourGuide.TestRewardsService" time="0.019"/>
  <system-out><![CDATA[16:15:14.580 [Test worker] INFO tourGuide.service.TourGuideService - TestMode enabled
16:15:14.580 [Test worker] DEBUG tourGuide.service.TourGuideService - Initializing users
16:15:14.580 [Test worker] DEBUG tourGuide.service.TourGuideService - Created 1 internal test users.
16:15:14.581 [Test worker] DEBUG tourGuide.service.TourGuideService - Finished initializing users
16:15:14.582 [pool-3-thread-1] DEBUG tourGuide.tracker.Tracker - Begin Tracker. Tracking 1 users.
16:15:25.726 [pool-3-thread-1] DEBUG tourGuide.tracker.Tracker - Tracker Time Elapsed: 11 seconds.
16:15:25.726 [pool-3-thread-1] DEBUG tourGuide.tracker.Tracker - Tracker sleeping
16:15:25.744 [Test worker] INFO tourGuide.service.TourGuideService - TestMode enabled
16:15:25.746 [Test worker] DEBUG tourGuide.service.TourGuideService - Initializing users
16:15:25.747 [Test worker] DEBUG tourGuide.service.TourGuideService - Created 0 internal test users.
16:15:25.747 [Test worker] DEBUG tourGuide.service.TourGuideService - Finished initializing users
16:15:25.748 [pool-4-thread-1] DEBUG tourGuide.tracker.Tracker - Begin Tracker. Tracking 0 users.
16:15:25.749 [pool-4-thread-1] DEBUG tourGuide.tracker.Tracker - Tracker Time Elapsed: 0 seconds.
16:15:25.749 [pool-4-thread-1] DEBUG tourGuide.tracker.Tracker - Tracker sleeping
]]></system-out>
  <system-err><![CDATA[]]></system-err>
</testsuite>
